<?xml version="1.0" encoding="UTF-8"?>
<!-- Generated by org.testng.reporters.JUnitXMLReporter -->
<testsuite ignored="0" hostname="ANIL-PC" failures="0" tests="6" name="Default test" time="13.749" errors="0" timestamp="2025-08-29T20:51:14 IST">
  <testcase classname="api.test.DataDrivenTesting" name="testPostUser" time="3.735"/>
  <testcase classname="api.test.DataDrivenTesting" name="testPostUser" time="1.546"/>
  <testcase classname="api.test.DataDrivenTesting" name="testPostUser" time="1.598"/>
  <testcase classname="api.test.DataDrivenTesting" name="testDeleteUserByUserName" time="1.454"/>
  <testcase classname="api.test.DataDrivenTesting" name="testDeleteUserByUserName" time="1.869"/>
  <testcase classname="api.test.DataDrivenTesting" name="testDeleteUserByUserName" time="1.643"/>
</testsuite> <!-- Default test -->
