<?xml version="1.0" encoding="UTF-8"?>
<testng-results ignored="0" total="4" passed="4" failed="0" skipped="0">
  <reporter-output>
  </reporter-output>
  <suite started-at="2025-08-30T21:01:29 IST" name="PetSuite" finished-at="2025-08-30T21:01:53 IST" duration-ms="23943">
    <groups>
    </groups>
    <test started-at="2025-08-30T21:01:29 IST" name="PetTest" finished-at="2025-08-30T21:01:53 IST" duration-ms="23943">
      <class name="api.test.UserTest">
        <test-method is-config="true" signature="setUpData()[pri:0, instance:api.test.UserTest@71e9ddb4]" started-at="2025-08-30T21:01:30 IST" name="setUpData" finished-at="2025-08-30T21:01:32 IST" duration-ms="2109" status="PASS">
          <reporter-output>
          </reporter-output>
        </test-method> <!-- setUpData -->
        <test-method signature="testPostUser()[pri:1, instance:api.test.UserTest@71e9ddb4]" started-at="2025-08-30T21:01:32 IST" name="testPostUser" finished-at="2025-08-30T21:01:39 IST" duration-ms="7145" status="PASS">
          <reporter-output>
          </reporter-output>
        </test-method> <!-- testPostUser -->
        <test-method signature="testGetUserByUserName()[pri:2, instance:api.test.UserTest@71e9ddb4]" started-at="2025-08-30T21:01:39 IST" name="testGetUserByUserName" finished-at="2025-08-30T21:01:44 IST" duration-ms="4414" status="PASS">
          <reporter-output>
          </reporter-output>
        </test-method> <!-- testGetUserByUserName -->
        <test-method signature="testUpdateUserByName()[pri:3, instance:api.test.UserTest@71e9ddb4]" started-at="2025-08-30T21:01:44 IST" name="testUpdateUserByName" finished-at="2025-08-30T21:01:51 IST" duration-ms="6740" status="PASS">
          <reporter-output>
          </reporter-output>
        </test-method> <!-- testUpdateUserByName -->
        <test-method signature="testDeleteUserByName()[pri:4, instance:api.test.UserTest@71e9ddb4]" started-at="2025-08-30T21:01:51 IST" name="testDeleteUserByName" finished-at="2025-08-30T21:01:53 IST" duration-ms="2145" status="PASS">
          <reporter-output>
          </reporter-output>
        </test-method> <!-- testDeleteUserByName -->
      </class> <!-- api.test.UserTest -->
    </test> <!-- PetTest -->
  </suite> <!-- PetSuite -->
</testng-results>
