<?xml version="1.0" encoding="UTF-8"?>
<!-- Generated by org.testng.reporters.JUnitXMLReporter -->
<testsuite ignored="0" hostname="ANIL-PC" failures="1" tests="4" name="PetTest" time="16.16" errors="0" timestamp="2025-08-31T17:35:41 IST">
  <testcase classname="api.test.UserTest" name="testPostUser" time="7.837"/>
  <testcase classname="api.test.UserTest" name="testGetUserByUserName" time="1.92">
    <failure type="java.lang.AssertionError" message="expected [200] but found [404]">
      <![CDATA[java.lang.AssertionError: expected [200] but found [404]
at api.test.UserTest.testGetUserByUserName(UserTest.java:72)
at java.base/java.util.ArrayList.forEach(ArrayList.java:1596)
... Removed 36 stack frames]]>
    </failure>
  </testcase> <!-- testGetUserByUserName -->
  <testcase classname="api.test.UserTest" name="testUpdateUserByName" time="3.105"/>
  <testcase classname="api.test.UserTest" name="testDeleteUserByName" time="1.423"/>
</testsuite> <!-- PetTest -->
