<?xml version="1.0" encoding="UTF-8"?>
<!-- Generated by org.testng.reporters.JUnitXMLReporter -->
<testsuite ignored="0" hostname="ANIL-PC" failures="0" tests="4" name="PetTest" time="23.943" errors="0" timestamp="2025-08-30T21:01:53 IST">
  <testcase classname="api.test.UserTest" name="testPostUser" time="7.145"/>
  <testcase classname="api.test.UserTest" name="testGetUserByUserName" time="4.414"/>
  <testcase classname="api.test.UserTest" name="testUpdateUserByName" time="6.74"/>
  <testcase classname="api.test.UserTest" name="testDeleteUserByName" time="2.145"/>
</testsuite> <!-- PetTest -->
